<?xml version="1.0" encoding="UTF-8"?>
<!-- Generated by org.testng.reporters.JUnitReportReporter -->
<testsuite skipped="0" hostname="Supreeth" name="test.SampleTest" tests="1" failures="0" timestamp="2020-10-19T19:11:35 IST" time="0.008" errors="0">
  <testcase name="sampleTest" time="0.008" classname="test.SampleTest"/>
  <system-out/>
</testsuite> <!-- test.SampleTest -->
